Build started 2016-02-12 09:58:05.
     1>Project "C:\Users\Hampus\Documents\GitHub\HampusDst\DSTList\DSTList.vcxproj" on node 2 (Rebuild target(s)).
     1>ClCompile:
         C:\Program Files (x86)\Microsoft Visual Studio 12.0\VC\bin\CL.exe /c /ZI /nologo /W3 /WX- /sdl /Od /Oy- /D WIN32 /D _DEBUG /D _CONSOLE /D _LIB /D _UNICODE /D UNICODE /Gm /EHsc /RTC1 /MDd /GS /fp:precise /Zc:wchar_t /Zc:forScope /Fo"Debug\\" /Fd"Debug\vc120.pdb" /Gd /TP /analyze- /errorReport:prompt LinkedListDst.cpp stdafx.cpp
         stdafx.cpp
         LinkedListDst.cpp
         Generating Code...
         C:\Program Files (x86)\Microsoft Visual Studio 12.0\VC\bin\CL.exe /c /ZI /nologo /W3 /WX- /sdl /Od /Oy- /D WIN32 /D _DEBUG /D _CONSOLE /D _LIB /D _UNICODE /D UNICODE /Gm /EHsc /RTC1 /MDd /GS /fp:precise /Zc:wchar_t /Zc:forScope /Fo"Debug\\" /Fd"Debug\vc120.pdb" /Gd /TC /analyze- /errorReport:prompt List.c testmain.c TestLinkedList.c
         TestLinkedList.c
     1>c:\users\hampus\documents\github\hampusdst\dstlist\testlinkedlist.c(151): warning C4244: 'function' : conversion from 'time_t' to 'unsigned int', possible loss of data
     1>c:\users\hampus\documents\github\hampusdst\dstlist\testlinkedlist.c(183): warning C4244: 'function' : conversion from 'time_t' to 'unsigned int', possible loss of data
         testmain.c
         List.c
         Generating Code...
       Link:
         C:\Program Files (x86)\Microsoft Visual Studio 12.0\VC\bin\link.exe /ERRORREPORT:PROMPT /OUT:"C:\Users\Hampus\Documents\GitHub\HampusDst\Debug\DSTList.exe" /INCREMENTAL /NOLOGO kernel32.lib user32.lib gdi32.lib winspool.lib comdlg32.lib advapi32.lib shell32.lib ole32.lib oleaut32.lib uuid.lib odbc32.lib odbccp32.lib /MANIFEST /MANIFESTUAC:"level='asInvoker' uiAccess='false'" /manifest:embed /DEBUG /PDB:"C:\Users\Hampus\Documents\GitHub\HampusDst\Debug\DSTList.pdb" /SUBSYSTEM:CONSOLE /TLBID:1 /DYNAMICBASE /NXCOMPAT /IMPLIB:"C:\Users\Hampus\Documents\GitHub\HampusDst\Debug\DSTList.lib" /MACHINE:X86 Debug\LinkedListDst.obj
         Debug\List.obj
         Debug\testmain.obj
         Debug\stdafx.obj
         Debug\TestLinkedList.obj
         DSTList.vcxproj -> C:\Users\Hampus\Documents\GitHub\HampusDst\Debug\DSTList.exe
     1>Done Building Project "C:\Users\Hampus\Documents\GitHub\HampusDst\DSTList\DSTList.vcxproj" (Rebuild target(s)).

Build succeeded.

Time Elapsed 00:00:00.78
