Build started 2016-02-12 10:05:59.
     1>Project "C:\Users\Hampus\Documents\GitHub\HampusDst\StackStuff\StackStuff.vcxproj" on node 2 (Rebuild target(s)).
     1>ClCompile:
         C:\Program Files (x86)\Microsoft Visual Studio 12.0\VC\bin\CL.exe /c /ZI /nologo /W3 /WX- /sdl /Od /Oy- /D CODE_ANALYSIS /D WIN32 /D _DEBUG /D _CONSOLE /D _LIB /D _UNICODE /D UNICODE /Gm /EHsc /RTC1 /MDd /GS /fp:precise /Zc:wchar_t /Zc:forScope /Fo"Debug\\" /Fd"Debug\vc120.pdb" /Gd /TC /analyze /analyze:plugin"C:\Program Files (x86)\Microsoft Visual Studio 12.0\VC\\bin\localespc.dll" /errorReport:prompt   /analyze:quiet MyStack.c StackMainTest.c
         StackMainTest.c
     1>c:\users\hampus\documents\github\hampusdst\stackstuff\stackmaintest.c(10): warning C4013: 'printf' undefined; assuming extern returning int
     1>c:\users\hampus\documents\github\hampusdst\stackstuff\stackmaintest.c(12): warning C4013: 'getch' undefined; assuming extern returning int
         MyStack.c
     1>c:\users\hampus\documents\github\hampusdst\stackstuff\mystack.c(10): warning C4172: returning address of local variable or temporary
         Running Code Analysis for C/C++...
         Generating Code...
         C:\Program Files (x86)\Microsoft Visual Studio 12.0\VC\bin\CL.exe /c /ZI /nologo /W3 /WX- /sdl /Od /Oy- /D CODE_ANALYSIS /D WIN32 /D _DEBUG /D _CONSOLE /D _LIB /D _UNICODE /D UNICODE /Gm /EHsc /RTC1 /MDd /GS /fp:precise /Zc:wchar_t /Zc:forScope /Fo"Debug\\" /Fd"Debug\vc120.pdb" /Gd /TP /analyze /analyze:plugin"C:\Program Files (x86)\Microsoft Visual Studio 12.0\VC\\bin\localespc.dll" /errorReport:prompt   /analyze:quiet stdafx.cpp
         stdafx.cpp
       Link:
         C:\Program Files (x86)\Microsoft Visual Studio 12.0\VC\bin\link.exe /ERRORREPORT:PROMPT /OUT:"C:\Users\Hampus\Documents\GitHub\HampusDst\Debug\StackStuff.exe" /INCREMENTAL /NOLOGO kernel32.lib user32.lib gdi32.lib winspool.lib comdlg32.lib advapi32.lib shell32.lib ole32.lib oleaut32.lib uuid.lib odbc32.lib odbccp32.lib /MANIFEST /MANIFESTUAC:"level='asInvoker' uiAccess='false'" /manifest:embed /DEBUG /PDB:"C:\Users\Hampus\Documents\GitHub\HampusDst\Debug\StackStuff.pdb" /SUBSYSTEM:CONSOLE /TLBID:1 /DYNAMICBASE /NXCOMPAT /IMPLIB:"C:\Users\Hampus\Documents\GitHub\HampusDst\Debug\StackStuff.lib" /MACHINE:X86 Debug\MyStack.obj
         Debug\StackMainTest.obj
         Debug\stdafx.obj
         StackStuff.vcxproj -> C:\Users\Hampus\Documents\GitHub\HampusDst\Debug\StackStuff.exe
     1>Done Building Project "C:\Users\Hampus\Documents\GitHub\HampusDst\StackStuff\StackStuff.vcxproj" (Rebuild target(s)).

Build succeeded.

Time Elapsed 00:00:01.57
